Build started 11/04/2013 23:27:50.
     1>Project "C:\Users\Andmin\Documents\Visual Studio 2010\Projects\Sansris\Sansris\Sansris.vcxproj" on node 2 (rebuild target(s)).
     1>_PrepareForClean:
         Deleting file "Debug\Sansris.lastbuildstate".
       InitializeBuildStatus:
         Touching "Debug\Sansris.unsuccessfulbuild".
       ClCompile:
         C:\Program Files\Microsoft Visual Studio 10.0\VC\bin\CL.exe /c /ZI /nologo /W3 /WX- /Od /Oy- /D WIN32 /D _DEBUG /D _CONSOLE /D _UNICODE /D UNICODE /Gm /EHsc /RTC1 /MDd /GS /fp:precise /Zc:wchar_t /Zc:forScope /Fo"Debug\\" /Fd"Debug\vc100.pdb" /Gd /TP /analyze- /errorReport:prompt main.cpp Pieces.cpp
         Pieces.cpp
         main.cpp
     1>c:\users\andmin\documents\visual studio 2010\projects\sansris\sansris\main.cpp(50): warning C4996: 'getch': The POSIX name for this item is deprecated. Instead, use the ISO C++ conformant name: _getch. See online help for details.
                 c:\program files\microsoft visual studio 10.0\vc\include\conio.h(128) : see declaration of 'getch'
     1>c:\users\andmin\documents\visual studio 2010\projects\sansris\sansris\main.cpp(79): warning C4244: 'argument' : conversion from 'double' to 'int', possible loss of data
     1>c:\users\andmin\documents\visual studio 2010\projects\sansris\sansris\main.cpp(91): error C2143: syntax error : missing ')' before '{'
     1>c:\users\andmin\documents\visual studio 2010\projects\sansris\sansris\main.cpp(91): error C2059: syntax error : ')'
     1>c:\users\andmin\documents\visual studio 2010\projects\sansris\sansris\main.cpp(91): error C2143: syntax error : missing ';' before '{'
     1>c:\users\andmin\documents\visual studio 2010\projects\sansris\sansris\main.cpp(91): error C2143: syntax error : missing ';' before '}'
     1>c:\users\andmin\documents\visual studio 2010\projects\sansris\sansris\main.cpp(91): error C2143: syntax error : missing ';' before ','
     1>c:\users\andmin\documents\visual studio 2010\projects\sansris\sansris\main.cpp(91): error C2143: syntax error : missing ';' before ','
     1>c:\users\andmin\documents\visual studio 2010\projects\sansris\sansris\main.cpp(91): error C2059: syntax error : ','
     1>c:\users\andmin\documents\visual studio 2010\projects\sansris\sansris\main.cpp(91): error C2059: syntax error : ')'
     1>c:\users\andmin\documents\visual studio 2010\projects\sansris\sansris\main.cpp(92): error C4430: missing type specifier - int assumed. Note: C++ does not support default-int
     1>c:\users\andmin\documents\visual studio 2010\projects\sansris\sansris\main.cpp(92): error C2369: 'blocks' : redefinition; different subscripts
                 c:\users\andmin\documents\visual studio 2010\projects\sansris\sansris\main.cpp(28) : see declaration of 'blocks'
     1>c:\users\andmin\documents\visual studio 2010\projects\sansris\sansris\main.cpp(92): error C2143: syntax error : missing ')' before '{'
     1>c:\users\andmin\documents\visual studio 2010\projects\sansris\sansris\main.cpp(92): error C2059: syntax error : ')'
     1>c:\users\andmin\documents\visual studio 2010\projects\sansris\sansris\main.cpp(92): error C2143: syntax error : missing ';' before '{'
     1>c:\users\andmin\documents\visual studio 2010\projects\sansris\sansris\main.cpp(92): error C2447: '{' : missing function header (old-style formal list?)
     1>c:\users\andmin\documents\visual studio 2010\projects\sansris\sansris\main.cpp(92): error C2059: syntax error : ')'
     1>c:\users\andmin\documents\visual studio 2010\projects\sansris\sansris\main.cpp(93): error C4430: missing type specifier - int assumed. Note: C++ does not support default-int
     1>c:\users\andmin\documents\visual studio 2010\projects\sansris\sansris\main.cpp(93): error C2369: 'blocks' : redefinition; different subscripts
                 c:\users\andmin\documents\visual studio 2010\projects\sansris\sansris\main.cpp(28) : see declaration of 'blocks'
     1>c:\users\andmin\documents\visual studio 2010\projects\sansris\sansris\main.cpp(93): error C2143: syntax error : missing ')' before '{'
     1>c:\users\andmin\documents\visual studio 2010\projects\sansris\sansris\main.cpp(93): error C2059: syntax error : ')'
     1>c:\users\andmin\documents\visual studio 2010\projects\sansris\sansris\main.cpp(93): error C2143: syntax error : missing ';' before '{'
     1>c:\users\andmin\documents\visual studio 2010\projects\sansris\sansris\main.cpp(93): error C2447: '{' : missing function header (old-style formal list?)
     1>c:\users\andmin\documents\visual studio 2010\projects\sansris\sansris\main.cpp(93): error C2059: syntax error : ')'
     1>c:\users\andmin\documents\visual studio 2010\projects\sansris\sansris\main.cpp(94): error C4430: missing type specifier - int assumed. Note: C++ does not support default-int
     1>c:\users\andmin\documents\visual studio 2010\projects\sansris\sansris\main.cpp(94): error C2369: 'blocks' : redefinition; different subscripts
                 c:\users\andmin\documents\visual studio 2010\projects\sansris\sansris\main.cpp(28) : see declaration of 'blocks'
     1>c:\users\andmin\documents\visual studio 2010\projects\sansris\sansris\main.cpp(94): error C2143: syntax error : missing ')' before '{'
     1>c:\users\andmin\documents\visual studio 2010\projects\sansris\sansris\main.cpp(94): error C2059: syntax error : ')'
     1>c:\users\andmin\documents\visual studio 2010\projects\sansris\sansris\main.cpp(94): error C2143: syntax error : missing ';' before '{'
     1>c:\users\andmin\documents\visual studio 2010\projects\sansris\sansris\main.cpp(94): error C2447: '{' : missing function header (old-style formal list?)
     1>c:\users\andmin\documents\visual studio 2010\projects\sansris\sansris\main.cpp(94): error C2059: syntax error : ')'
     1>c:\users\andmin\documents\visual studio 2010\projects\sansris\sansris\main.cpp(95): error C4430: missing type specifier - int assumed. Note: C++ does not support default-int
     1>c:\users\andmin\documents\visual studio 2010\projects\sansris\sansris\main.cpp(95): error C2369: 'blocks' : redefinition; different subscripts
                 c:\users\andmin\documents\visual studio 2010\projects\sansris\sansris\main.cpp(28) : see declaration of 'blocks'
     1>c:\users\andmin\documents\visual studio 2010\projects\sansris\sansris\main.cpp(95): error C2143: syntax error : missing ')' before '{'
     1>c:\users\andmin\documents\visual studio 2010\projects\sansris\sansris\main.cpp(95): error C2059: syntax error : ')'
     1>c:\users\andmin\documents\visual studio 2010\projects\sansris\sansris\main.cpp(95): error C2143: syntax error : missing ';' before '{'
     1>c:\users\andmin\documents\visual studio 2010\projects\sansris\sansris\main.cpp(95): error C2447: '{' : missing function header (old-style formal list?)
     1>c:\users\andmin\documents\visual studio 2010\projects\sansris\sansris\main.cpp(95): error C2059: syntax error : ')'
     1>c:\users\andmin\documents\visual studio 2010\projects\sansris\sansris\main.cpp(96): error C4430: missing type specifier - int assumed. Note: C++ does not support default-int
     1>c:\users\andmin\documents\visual studio 2010\projects\sansris\sansris\main.cpp(96): error C2369: 'blocks' : redefinition; different subscripts
                 c:\users\andmin\documents\visual studio 2010\projects\sansris\sansris\main.cpp(28) : see declaration of 'blocks'
     1>c:\users\andmin\documents\visual studio 2010\projects\sansris\sansris\main.cpp(96): error C2143: syntax error : missing ')' before '{'
     1>c:\users\andmin\documents\visual studio 2010\projects\sansris\sansris\main.cpp(96): error C2059: syntax error : ')'
     1>c:\users\andmin\documents\visual studio 2010\projects\sansris\sansris\main.cpp(96): error C2143: syntax error : missing ';' before '{'
     1>c:\users\andmin\documents\visual studio 2010\projects\sansris\sansris\main.cpp(96): error C2447: '{' : missing function header (old-style formal list?)
     1>c:\users\andmin\documents\visual studio 2010\projects\sansris\sansris\main.cpp(96): error C2059: syntax error : ')'
     1>c:\users\andmin\documents\visual studio 2010\projects\sansris\sansris\main.cpp(97): error C4430: missing type specifier - int assumed. Note: C++ does not support default-int
     1>c:\users\andmin\documents\visual studio 2010\projects\sansris\sansris\main.cpp(97): error C2369: 'blocks' : redefinition; different subscripts
                 c:\users\andmin\documents\visual studio 2010\projects\sansris\sansris\main.cpp(28) : see declaration of 'blocks'
     1>c:\users\andmin\documents\visual studio 2010\projects\sansris\sansris\main.cpp(97): error C2143: syntax error : missing ')' before '{'
     1>c:\users\andmin\documents\visual studio 2010\projects\sansris\sansris\main.cpp(97): error C2059: syntax error : ')'
     1>c:\users\andmin\documents\visual studio 2010\projects\sansris\sansris\main.cpp(97): error C2143: syntax error : missing ';' before '{'
     1>c:\users\andmin\documents\visual studio 2010\projects\sansris\sansris\main.cpp(97): error C2447: '{' : missing function header (old-style formal list?)
     1>c:\users\andmin\documents\visual studio 2010\projects\sansris\sansris\main.cpp(97): error C2059: syntax error : ')'
     1>c:\users\andmin\documents\visual studio 2010\projects\sansris\sansris\main.cpp(101): error C2059: syntax error : '}'
     1>c:\users\andmin\documents\visual studio 2010\projects\sansris\sansris\main.cpp(101): error C2143: syntax error : missing ';' before '}'
     1>c:\users\andmin\documents\visual studio 2010\projects\sansris\sansris\main.cpp(101): error C2059: syntax error : '}'
     1>c:\users\andmin\documents\visual studio 2010\projects\sansris\sansris\main.cpp(104): error C2143: syntax error : missing ';' before '{'
     1>c:\users\andmin\documents\visual studio 2010\projects\sansris\sansris\main.cpp(104): error C2447: '{' : missing function header (old-style formal list?)
         Generating Code...
     1>Done Building Project "C:\Users\Andmin\Documents\Visual Studio 2010\Projects\Sansris\Sansris\Sansris.vcxproj" (rebuild target(s)) -- FAILED.

Build FAILED.

Time Elapsed 00:00:05.51
