C:\USERS\ANDMIN\DOCUMENTS\VISUAL STUDIO 2010\PROJECTS\SANSRIS\DEBUG\SANSRIS.EXE
C:\USERS\ANDMIN\DOCUMENTS\VISUAL STUDIO 2010\PROJECTS\SANSRIS\DEBUG\SANSRIS.ILK
C:\USERS\ANDMIN\DOCUMENTS\VISUAL STUDIO 2010\PROJECTS\SANSRIS\DEBUG\SANSRIS.PDB
C:\Users\Andmin\Documents\Visual Studio 2010\Projects\Sansris\Sansris\Debug\cl.command.1.tlog
C:\Users\Andmin\Documents\Visual Studio 2010\Projects\Sansris\Sansris\Debug\CL.read.1.tlog
C:\Users\Andmin\Documents\Visual Studio 2010\Projects\Sansris\Sansris\Debug\CL.write.1.tlog
C:\Users\Andmin\Documents\Visual Studio 2010\Projects\Sansris\Sansris\Debug\link.1304.read.1.tlog
C:\Users\Andmin\Documents\Visual Studio 2010\Projects\Sansris\Sansris\Debug\link.1304.write.1.tlog
C:\Users\Andmin\Documents\Visual Studio 2010\Projects\Sansris\Sansris\Debug\link.1304-cvtres.read.1.tlog
C:\Users\Andmin\Documents\Visual Studio 2010\Projects\Sansris\Sansris\Debug\link.1304-cvtres.write.1.tlog
C:\Users\Andmin\Documents\Visual Studio 2010\Projects\Sansris\Sansris\Debug\link.3952.read.1.tlog
C:\Users\Andmin\Documents\Visual Studio 2010\Projects\Sansris\Sansris\Debug\link.3952.write.1.tlog
C:\Users\Andmin\Documents\Visual Studio 2010\Projects\Sansris\Sansris\Debug\link.3952-cvtres.read.1.tlog
C:\Users\Andmin\Documents\Visual Studio 2010\Projects\Sansris\Sansris\Debug\link.3952-cvtres.write.1.tlog
C:\Users\Andmin\Documents\Visual Studio 2010\Projects\Sansris\Sansris\Debug\link.4492.read.1.tlog
C:\Users\Andmin\Documents\Visual Studio 2010\Projects\Sansris\Sansris\Debug\link.4492.write.1.tlog
C:\Users\Andmin\Documents\Visual Studio 2010\Projects\Sansris\Sansris\Debug\link.4492-cvtres.read.1.tlog
C:\Users\Andmin\Documents\Visual Studio 2010\Projects\Sansris\Sansris\Debug\link.4492-cvtres.write.1.tlog
C:\Users\Andmin\Documents\Visual Studio 2010\Projects\Sansris\Sansris\Debug\link.5348.read.1.tlog
C:\Users\Andmin\Documents\Visual Studio 2010\Projects\Sansris\Sansris\Debug\link.5348.write.1.tlog
C:\Users\Andmin\Documents\Visual Studio 2010\Projects\Sansris\Sansris\Debug\link.5348-cvtres.read.1.tlog
C:\Users\Andmin\Documents\Visual Studio 2010\Projects\Sansris\Sansris\Debug\link.5348-cvtres.write.1.tlog
C:\Users\Andmin\Documents\Visual Studio 2010\Projects\Sansris\Sansris\Debug\link.5976.read.1.tlog
C:\Users\Andmin\Documents\Visual Studio 2010\Projects\Sansris\Sansris\Debug\link.5976.write.1.tlog
C:\Users\Andmin\Documents\Visual Studio 2010\Projects\Sansris\Sansris\Debug\link.5976-cvtres.read.1.tlog
C:\Users\Andmin\Documents\Visual Studio 2010\Projects\Sansris\Sansris\Debug\link.5976-cvtres.write.1.tlog
C:\Users\Andmin\Documents\Visual Studio 2010\Projects\Sansris\Sansris\Debug\link.6356.read.1.tlog
C:\Users\Andmin\Documents\Visual Studio 2010\Projects\Sansris\Sansris\Debug\link.6356.write.1.tlog
C:\Users\Andmin\Documents\Visual Studio 2010\Projects\Sansris\Sansris\Debug\link.6356-cvtres.read.1.tlog
C:\Users\Andmin\Documents\Visual Studio 2010\Projects\Sansris\Sansris\Debug\link.6356-cvtres.write.1.tlog
C:\Users\Andmin\Documents\Visual Studio 2010\Projects\Sansris\Sansris\Debug\link.6592.read.1.tlog
C:\Users\Andmin\Documents\Visual Studio 2010\Projects\Sansris\Sansris\Debug\link.6592.write.1.tlog
C:\Users\Andmin\Documents\Visual Studio 2010\Projects\Sansris\Sansris\Debug\link.6592-cvtres.read.1.tlog
C:\Users\Andmin\Documents\Visual Studio 2010\Projects\Sansris\Sansris\Debug\link.6592-cvtres.write.1.tlog
C:\Users\Andmin\Documents\Visual Studio 2010\Projects\Sansris\Sansris\Debug\link.6764.read.1.tlog
C:\Users\Andmin\Documents\Visual Studio 2010\Projects\Sansris\Sansris\Debug\link.6764.write.1.tlog
C:\Users\Andmin\Documents\Visual Studio 2010\Projects\Sansris\Sansris\Debug\link.6764-cvtres.read.1.tlog
C:\Users\Andmin\Documents\Visual Studio 2010\Projects\Sansris\Sansris\Debug\link.6764-cvtres.write.1.tlog
C:\Users\Andmin\Documents\Visual Studio 2010\Projects\Sansris\Sansris\Debug\link.6924.read.1.tlog
C:\Users\Andmin\Documents\Visual Studio 2010\Projects\Sansris\Sansris\Debug\link.6924.write.1.tlog
C:\Users\Andmin\Documents\Visual Studio 2010\Projects\Sansris\Sansris\Debug\link.6924-cvtres.read.1.tlog
C:\Users\Andmin\Documents\Visual Studio 2010\Projects\Sansris\Sansris\Debug\link.6924-cvtres.write.1.tlog
C:\Users\Andmin\Documents\Visual Studio 2010\Projects\Sansris\Sansris\Debug\link.7488.read.1.tlog
C:\Users\Andmin\Documents\Visual Studio 2010\Projects\Sansris\Sansris\Debug\link.7488.write.1.tlog
C:\Users\Andmin\Documents\Visual Studio 2010\Projects\Sansris\Sansris\Debug\link.7488-cvtres.read.1.tlog
C:\Users\Andmin\Documents\Visual Studio 2010\Projects\Sansris\Sansris\Debug\link.7488-cvtres.write.1.tlog
C:\Users\Andmin\Documents\Visual Studio 2010\Projects\Sansris\Sansris\Debug\link.756.read.1.tlog
C:\Users\Andmin\Documents\Visual Studio 2010\Projects\Sansris\Sansris\Debug\link.756.write.1.tlog
C:\Users\Andmin\Documents\Visual Studio 2010\Projects\Sansris\Sansris\Debug\link.756-cvtres.read.1.tlog
C:\Users\Andmin\Documents\Visual Studio 2010\Projects\Sansris\Sansris\Debug\link.756-cvtres.write.1.tlog
C:\Users\Andmin\Documents\Visual Studio 2010\Projects\Sansris\Sansris\Debug\link.7644.read.1.tlog
C:\Users\Andmin\Documents\Visual Studio 2010\Projects\Sansris\Sansris\Debug\link.7644.write.1.tlog
C:\Users\Andmin\Documents\Visual Studio 2010\Projects\Sansris\Sansris\Debug\link.7644-cvtres.read.1.tlog
C:\Users\Andmin\Documents\Visual Studio 2010\Projects\Sansris\Sansris\Debug\link.7644-cvtres.write.1.tlog
C:\Users\Andmin\Documents\Visual Studio 2010\Projects\Sansris\Sansris\Debug\link.7936.read.1.tlog
C:\Users\Andmin\Documents\Visual Studio 2010\Projects\Sansris\Sansris\Debug\link.7936.write.1.tlog
C:\Users\Andmin\Documents\Visual Studio 2010\Projects\Sansris\Sansris\Debug\link.7936-cvtres.read.1.tlog
C:\Users\Andmin\Documents\Visual Studio 2010\Projects\Sansris\Sansris\Debug\link.7936-cvtres.write.1.tlog
C:\Users\Andmin\Documents\Visual Studio 2010\Projects\Sansris\Sansris\Debug\link.command.1.tlog
C:\Users\Andmin\Documents\Visual Studio 2010\Projects\Sansris\Sansris\Debug\link.read.1.tlog
C:\Users\Andmin\Documents\Visual Studio 2010\Projects\Sansris\Sansris\Debug\link.write.1.tlog
C:\Users\Andmin\Documents\Visual Studio 2010\Projects\Sansris\Sansris\Debug\link-cvtres.read.1.tlog
C:\Users\Andmin\Documents\Visual Studio 2010\Projects\Sansris\Sansris\Debug\link-cvtres.write.1.tlog
C:\USERS\ANDMIN\DOCUMENTS\VISUAL STUDIO 2010\PROJECTS\SANSRIS\SANSRIS\DEBUG\MAIN.OBJ
C:\Users\Andmin\Documents\Visual Studio 2010\Projects\Sansris\Sansris\Debug\mt.command.1.tlog
C:\Users\Andmin\Documents\Visual Studio 2010\Projects\Sansris\Sansris\Debug\mt.read.1.tlog
C:\Users\Andmin\Documents\Visual Studio 2010\Projects\Sansris\Sansris\Debug\mt.write.1.tlog
C:\USERS\ANDMIN\DOCUMENTS\VISUAL STUDIO 2010\PROJECTS\SANSRIS\SANSRIS\DEBUG\PIECES.OBJ
C:\Users\Andmin\Documents\Visual Studio 2010\Projects\Sansris\Sansris\Debug\rc.command.1.tlog
C:\Users\Andmin\Documents\Visual Studio 2010\Projects\Sansris\Sansris\Debug\rc.read.1.tlog
C:\Users\Andmin\Documents\Visual Studio 2010\Projects\Sansris\Sansris\Debug\rc.write.1.tlog
C:\USERS\ANDMIN\DOCUMENTS\VISUAL STUDIO 2010\PROJECTS\SANSRIS\SANSRIS\DEBUG\SANSRIS.EXE.EMBED.MANIFEST
C:\USERS\ANDMIN\DOCUMENTS\VISUAL STUDIO 2010\PROJECTS\SANSRIS\SANSRIS\DEBUG\SANSRIS.EXE.EMBED.MANIFEST.RES
C:\USERS\ANDMIN\DOCUMENTS\VISUAL STUDIO 2010\PROJECTS\SANSRIS\SANSRIS\DEBUG\SANSRIS.EXE.INTERMEDIATE.MANIFEST
C:\Users\Andmin\Documents\Visual Studio 2010\Projects\Sansris\Sansris\Debug\Sansris_manifest.rc
C:\Users\Andmin\Documents\Visual Studio 2010\Projects\Sansris\Sansris\Debug\vc100.idb
C:\USERS\ANDMIN\DOCUMENTS\VISUAL STUDIO 2010\PROJECTS\SANSRIS\SANSRIS\DEBUG\VC100.PDB
